# JRE version: OpenJDK Runtime Environment (21.0.9) (build 21.0.9+-14649483-b1163.86)
# Java VM: OpenJDK 64-Bit Server VM (21.0.9+-14649483-b1163.86, mixed mode, tiered, compressed oops, compressed class ptrs, g1 gc, windows-amd64)
GC Precious Log:
 CardTable entry size: 512
 Card Set container configuration: InlinePtr #cards 5 size 8 Array Of Cards #cards 12 size 40 Howl #buckets 4 coarsen threshold 1843 Howl Bitmap #cards 512 size 80 coarsen threshold 460 Card regions per heap region 1 cards per card region 2048
 CPUs: 12 total, 12 available
 Memory: 16070M
 Large Page Support: Disabled
 NUMA Support: Disabled
 Compressed Oops: Enabled (32-bit)
 Heap Region Size: 1M
 Heap Min Capacity: 8M
 Heap Initial Capacity: 252M
 Heap Max Capacity: 2G
 Pre-touch: Disabled
 Parallel Workers: 10
 Concurrent Workers: 3
 Concurrent Refinement Workers: 10
 Periodic GC: Disabled
Heap:
 garbage-first heap   total 410624K, used 158949K [0x0000000080000000, 0x0000000100000000)
  region size 1024K, 10 young (10240K), 9 survivors (9216K)
 Metaspace       used 139261K, committed 140928K, reserved 557056K
  class space    used 19198K, committed 19968K, reserved 425984K
GC Heap History (20 events):
Event: 2881.772 GC heap after
{Heap after GC invocations=79 (full 0):
 garbage-first heap   total 394240K, used 138281K [0x0000000080000000, 0x0000000100000000)
  region size 1024K, 16 young (16384K), 16 survivors (16384K)
 Metaspace       used 119474K, committed 125312K, reserved 557056K
  class space    used 16377K, committed 18368K, reserved 425984K
}
Event: 3181.749 GC heap before
{Heap before GC invocations=79 (full 0):
 garbage-first heap   total 394240K, used 358441K [0x0000000080000000, 0x0000000100000000)
  region size 1024K, 231 young (236544K), 16 survivors (16384K)
 Metaspace       used 119474K, committed 125312K, reserved 557056K
  class space    used 16377K, committed 18368K, reserved 425984K
}
Event: 3181.758 GC heap after
{Heap after GC invocations=80 (full 0):
 garbage-first heap   total 394240K, used 138000K [0x0000000080000000, 0x0000000100000000)
  region size 1024K, 15 young (15360K), 15 survivors (15360K)
 Metaspace       used 119474K, committed 125312K, reserved 557056K
  class space    used 16377K, committed 18368K, reserved 425984K
}
Event: 5381.860 GC heap before
{Heap before GC invocations=81 (full 0):
 garbage-first heap   total 394240K, used 359184K [0x0000000080000000, 0x0000000100000000)
  region size 1024K, 231 young (236544K), 15 survivors (15360K)
 Metaspace       used 119474K, committed 125312K, reserved 557056K
  class space    used 16377K, committed 18368K, reserved 425984K
}
Event: 5381.864 GC heap after
{Heap after GC invocations=82 (full 0):
 garbage-first heap   total 394240K, used 137537K [0x0000000080000000, 0x0000000100000000)
  region size 1024K, 15 young (15360K), 15 survivors (15360K)
 Metaspace       used 119474K, committed 125312K, reserved 557056K
  class space    used 16377K, committed 18368K, reserved 425984K
}
Event: 5382.374 GC heap before
{Heap before GC invocations=82 (full 0):
 garbage-first heap   total 394240K, used 358721K [0x0000000080000000, 0x0000000100000000)
  region size 1024K, 231 young (236544K), 15 survivors (15360K)
 Metaspace       used 119474K, committed 125312K, reserved 557056K
  class space    used 16377K, committed 18368K, reserved 425984K
}
Event: 5382.381 GC heap after
{Heap after GC invocations=83 (full 0):
 garbage-first heap   total 394240K, used 136663K [0x0000000080000000, 0x0000000100000000)
  region size 1024K, 13 young (13312K), 13 survivors (13312K)
 Metaspace       used 119474K, committed 125312K, reserved 557056K
  class space    used 16377K, committed 18368K, reserved 425984K
}
Event: 5382.847 GC heap before
{Heap before GC invocations=83 (full 0):
 garbage-first heap   total 394240K, used 359895K [0x0000000080000000, 0x0000000100000000)
  region size 1024K, 231 young (236544K), 13 survivors (13312K)
 Metaspace       used 119477K, committed 125312K, reserved 557056K
  class space    used 16377K, committed 18368K, reserved 425984K
}
Event: 5382.852 GC heap after
{Heap after GC invocations=84 (full 0):
 garbage-first heap   total 394240K, used 136752K [0x0000000080000000, 0x0000000100000000)
  region size 1024K, 11 young (11264K), 11 survivors (11264K)
 Metaspace       used 119477K, committed 125312K, reserved 557056K
  class space    used 16377K, committed 18368K, reserved 425984K
}
Event: 5383.257 GC heap before
{Heap before GC invocations=85 (full 0):
 garbage-first heap   total 394240K, used 362032K [0x0000000080000000, 0x0000000100000000)
  region size 1024K, 231 young (236544K), 11 survivors (11264K)
 Metaspace       used 119477K, committed 125312K, reserved 557056K
  class space    used 16377K, committed 18368K, reserved 425984K
}
Event: 5383.262 GC heap after
{Heap after GC invocations=86 (full 0):
 garbage-first heap   total 394240K, used 137199K [0x0000000080000000, 0x0000000100000000)
  region size 1024K, 4 young (4096K), 4 survivors (4096K)
 Metaspace       used 119477K, committed 125312K, reserved 557056K
  class space    used 16377K, committed 18368K, reserved 425984K
}
Event: 5383.605 GC heap before
{Heap before GC invocations=86 (full 0):
 garbage-first heap   total 394240K, used 369647K [0x0000000080000000, 0x0000000100000000)
  region size 1024K, 231 young (236544K), 4 survivors (4096K)
 Metaspace       used 119477K, committed 125312K, reserved 557056K
  class space    used 16377K, committed 18368K, reserved 425984K
}
Event: 5383.607 GC heap after
{Heap after GC invocations=87 (full 0):
 garbage-first heap   total 394240K, used 137245K [0x0000000080000000, 0x0000000100000000)
  region size 1024K, 1 young (1024K), 1 survivors (1024K)
 Metaspace       used 119477K, committed 125312K, reserved 557056K
  class space    used 16377K, committed 18368K, reserved 425984K
}
Event: 5383.984 GC heap before
{Heap before GC invocations=87 (full 0):
 garbage-first heap   total 394240K, used 372765K [0x0000000080000000, 0x0000000100000000)
  region size 1024K, 231 young (236544K), 1 survivors (1024K)
 Metaspace       used 119477K, committed 125312K, reserved 557056K
  class space    used 16377K, committed 18368K, reserved 425984K
}
Event: 5383.987 GC heap after
{Heap after GC invocations=88 (full 0):
 garbage-first heap   total 394240K, used 135068K [0x0000000080000000, 0x0000000100000000)
  region size 1024K, 1 young (1024K), 1 survivors (1024K)
 Metaspace       used 119477K, committed 125312K, reserved 557056K
  class space    used 16377K, committed 18368K, reserved 425984K
}
Event: 5384.329 GC heap before
{Heap before GC invocations=88 (full 0):
 garbage-first heap   total 394240K, used 370588K [0x0000000080000000, 0x0000000100000000)
  region size 1024K, 231 young (236544K), 1 survivors (1024K)
 Metaspace       used 119477K, committed 125312K, reserved 557056K
  class space    used 16377K, committed 18368K, reserved 425984K
}
Event: 5384.330 GC heap after
{Heap after GC invocations=89 (full 0):
 garbage-first heap   total 394240K, used 135246K [0x0000000080000000, 0x0000000100000000)
  region size 1024K, 1 young (1024K), 1 survivors (1024K)
 Metaspace       used 119477K, committed 125312K, reserved 557056K
  class space    used 16377K, committed 18368K, reserved 425984K
}
Event: 5451.768 GC heap before
{Heap before GC invocations=90 (full 0):
 garbage-first heap   total 394240K, used 371790K [0x0000000080000000, 0x0000000100000000)
  region size 1024K, 231 young (236544K), 1 survivors (1024K)
 Metaspace       used 121270K, committed 125376K, reserved 557056K
  class space    used 16736K, committed 18368K, reserved 425984K
}
Event: 5451.776 GC heap after
{Heap after GC invocations=91 (full 0):
 garbage-first heap   total 394240K, used 154262K [0x0000000080000000, 0x0000000100000000)
  region size 1024K, 19 young (19456K), 19 survivors (19456K)
 Metaspace       used 121270K, committed 125376K, reserved 557056K
  class space    used 16736K, committed 18368K, reserved 425984K
}
Event: 5454.530 GC heap before
{Heap before GC invocations=91 (full 0):
 garbage-first heap   total 394240K, used 376470K [0x0000000080000000, 0x0000000100000000)
  region size 1024K, 231 young (236544K), 19 survivors (19456K)
 Metaspace       used 139219K, committed 140928K, reserved 557056K
  class space    used 19194K, committed 19968K, reserved 425984K
}

