# JRE version: OpenJDK Runtime Environment (21.0.9) (build 21.0.9+-14649483-b1163.86)
# Java VM: OpenJDK 64-Bit Server VM (21.0.9+-14649483-b1163.86, mixed mode, tiered, compressed oops, compressed class ptrs, g1 gc, windows-amd64)
GC Precious Log:
 CardTable entry size: 512
 Card Set container configuration: InlinePtr #cards 5 size 8 Array Of Cards #cards 12 size 40 Howl #buckets 4 coarsen threshold 1843 Howl Bitmap #cards 512 size 80 coarsen threshold 460 Card regions per heap region 1 cards per card region 2048
 CPUs: 12 total, 12 available
 Memory: 16070M
 Large Page Support: Disabled
 NUMA Support: Disabled
 Compressed Oops: Enabled (32-bit)
 Heap Region Size: 1M
 Heap Min Capacity: 8M
 Heap Initial Capacity: 252M
 Heap Max Capacity: 2G
 Pre-touch: Disabled
 Parallel Workers: 10
 Concurrent Workers: 3
 Concurrent Refinement Workers: 10
 Periodic GC: Disabled
Heap:
 garbage-first heap   total 221184K, used 142547K [0x0000000080000000, 0x0000000100000000)
  region size 1024K, 42 young (43008K), 11 survivors (11264K)
 Metaspace       used 84580K, committed 86720K, reserved 557056K
  class space    used 11865K, committed 12864K, reserved 425984K
GC Heap History (20 events):
Event: 5.624 GC heap before
{Heap before GC invocations=18 (full 0):
 garbage-first heap   total 135168K, used 113209K [0x0000000080000000, 0x0000000100000000)
  region size 1024K, 39 young (39936K), 6 survivors (6144K)
 Metaspace       used 68936K, committed 70848K, reserved 491520K
  class space    used 9840K, committed 10752K, reserved 425984K
}
Event: 5.627 GC heap after
{Heap after GC invocations=19 (full 0):
 garbage-first heap   total 135168K, used 81381K [0x0000000080000000, 0x0000000100000000)
  region size 1024K, 2 young (2048K), 2 survivors (2048K)
 Metaspace       used 68936K, committed 70848K, reserved 491520K
  class space    used 9840K, committed 10752K, reserved 425984K
}
Event: 5.734 GC heap before
{Heap before GC invocations=19 (full 0):
 garbage-first heap   total 135168K, used 122341K [0x0000000080000000, 0x0000000100000000)
  region size 1024K, 43 young (44032K), 2 survivors (2048K)
 Metaspace       used 69093K, committed 70976K, reserved 491520K
  class space    used 9840K, committed 10752K, reserved 425984K
}
Event: 5.737 GC heap after
{Heap after GC invocations=20 (full 0):
 garbage-first heap   total 162816K, used 81088K [0x0000000080000000, 0x0000000100000000)
  region size 1024K, 2 young (2048K), 2 survivors (2048K)
 Metaspace       used 69093K, committed 70976K, reserved 491520K
  class space    used 9840K, committed 10752K, reserved 425984K
}
Event: 5.872 GC heap before
{Heap before GC invocations=20 (full 0):
 garbage-first heap   total 162816K, used 148672K [0x0000000080000000, 0x0000000100000000)
  region size 1024K, 69 young (70656K), 2 survivors (2048K)
 Metaspace       used 69237K, committed 71168K, reserved 491520K
  class space    used 9840K, committed 10752K, reserved 425984K
}
Event: 5.873 GC heap after
{Heap after GC invocations=21 (full 0):
 garbage-first heap   total 162816K, used 82002K [0x0000000080000000, 0x0000000100000000)
  region size 1024K, 3 young (3072K), 3 survivors (3072K)
 Metaspace       used 69237K, committed 71168K, reserved 491520K
  class space    used 9840K, committed 10752K, reserved 425984K
}
Event: 5.986 GC heap before
{Heap before GC invocations=22 (full 0):
 garbage-first heap   total 162816K, used 150610K [0x0000000080000000, 0x0000000100000000)
  region size 1024K, 71 young (72704K), 3 survivors (3072K)
 Metaspace       used 69256K, committed 71168K, reserved 491520K
  class space    used 9840K, committed 10752K, reserved 425984K
}
Event: 5.988 GC heap after
{Heap after GC invocations=23 (full 0):
 garbage-first heap   total 162816K, used 82747K [0x0000000080000000, 0x0000000100000000)
  region size 1024K, 4 young (4096K), 4 survivors (4096K)
 Metaspace       used 69256K, committed 71168K, reserved 491520K
  class space    used 9840K, committed 10752K, reserved 425984K
}
Event: 6.081 GC heap before
{Heap before GC invocations=23 (full 0):
 garbage-first heap   total 162816K, used 152379K [0x0000000080000000, 0x0000000100000000)
  region size 1024K, 72 young (73728K), 4 survivors (4096K)
 Metaspace       used 69272K, committed 71168K, reserved 491520K
  class space    used 9840K, committed 10752K, reserved 425984K
}
Event: 6.084 GC heap after
{Heap after GC invocations=24 (full 0):
 garbage-first heap   total 162816K, used 82599K [0x0000000080000000, 0x0000000100000000)
  region size 1024K, 4 young (4096K), 4 survivors (4096K)
 Metaspace       used 69272K, committed 71168K, reserved 491520K
  class space    used 9840K, committed 10752K, reserved 425984K
}
Event: 6.182 GC heap before
{Heap before GC invocations=24 (full 0):
 garbage-first heap   total 162816K, used 153255K [0x0000000080000000, 0x0000000100000000)
  region size 1024K, 73 young (74752K), 4 survivors (4096K)
 Metaspace       used 69276K, committed 71168K, reserved 491520K
  class space    used 9840K, committed 10752K, reserved 425984K
}
Event: 6.184 GC heap after
{Heap after GC invocations=25 (full 0):
 garbage-first heap   total 162816K, used 83212K [0x0000000080000000, 0x0000000100000000)
  region size 1024K, 5 young (5120K), 5 survivors (5120K)
 Metaspace       used 69276K, committed 71168K, reserved 491520K
  class space    used 9840K, committed 10752K, reserved 425984K
}
Event: 6.270 GC heap before
{Heap before GC invocations=26 (full 0):
 garbage-first heap   total 162816K, used 151820K [0x0000000080000000, 0x0000000100000000)
  region size 1024K, 73 young (74752K), 5 survivors (5120K)
 Metaspace       used 69278K, committed 71168K, reserved 491520K
  class space    used 9840K, committed 10752K, reserved 425984K
}
Event: 6.271 GC heap after
{Heap after GC invocations=27 (full 0):
 garbage-first heap   total 162816K, used 83922K [0x0000000080000000, 0x0000000100000000)
  region size 1024K, 6 young (6144K), 6 survivors (6144K)
 Metaspace       used 69278K, committed 71168K, reserved 491520K
  class space    used 9840K, committed 10752K, reserved 425984K
}
Event: 6.691 GC heap before
{Heap before GC invocations=27 (full 0):
 garbage-first heap   total 162816K, used 160722K [0x0000000080000000, 0x0000000100000000)
  region size 1024K, 73 young (74752K), 6 survivors (6144K)
 Metaspace       used 71675K, committed 73664K, reserved 491520K
  class space    used 10149K, committed 11072K, reserved 425984K
}
Event: 6.697 GC heap after
{Heap after GC invocations=28 (full 0):
 garbage-first heap   total 211968K, used 99027K [0x0000000080000000, 0x0000000100000000)
  region size 1024K, 10 young (10240K), 10 survivors (10240K)
 Metaspace       used 71675K, committed 73664K, reserved 491520K
  class space    used 10149K, committed 11072K, reserved 425984K
}
Event: 7.392 GC heap before
{Heap before GC invocations=28 (full 0):
 garbage-first heap   total 211968K, used 203475K [0x0000000080000000, 0x0000000100000000)
  region size 1024K, 107 young (109568K), 10 survivors (10240K)
 Metaspace       used 80196K, committed 82240K, reserved 557056K
  class space    used 11286K, committed 12288K, reserved 425984K
}
Event: 7.398 GC heap after
{Heap after GC invocations=29 (full 0):
 garbage-first heap   total 221184K, used 107011K [0x0000000080000000, 0x0000000100000000)
  region size 1024K, 14 young (14336K), 14 survivors (14336K)
 Metaspace       used 80196K, committed 82240K, reserved 557056K
  class space    used 11286K, committed 12288K, reserved 425984K
}
Event: 9.399 GC heap before
{Heap before GC invocations=29 (full 0):
 garbage-first heap   total 221184K, used 160259K [0x0000000080000000, 0x0000000100000000)
  region size 1024K, 68 young (69632K), 14 survivors (14336K)
 Metaspace       used 83538K, committed 85568K, reserved 557056K
  class space    used 11751K, committed 12736K, reserved 425984K
}
Event: 9.411 GC heap after
{Heap after GC invocations=30 (full 0):
 garbage-first heap   total 221184K, used 110803K [0x0000000080000000, 0x0000000100000000)
  region size 1024K, 11 young (11264K), 11 survivors (11264K)
 Metaspace       used 83538K, committed 85568K, reserved 557056K
  class space    used 11751K, committed 12736K, reserved 425984K
}

