# JRE version: OpenJDK Runtime Environment (21.0.9) (build 21.0.9+-14649483-b1163.86)
# Java VM: OpenJDK 64-Bit Server VM (21.0.9+-14649483-b1163.86, mixed mode, tiered, compressed oops, compressed class ptrs, g1 gc, windows-amd64)
GC Precious Log:
 CardTable entry size: 512
 Card Set container configuration: InlinePtr #cards 4 size 8 Array Of Cards #cards 16 size 48 Howl #buckets 8 coarsen threshold 3686 Howl Bitmap #cards 512 size 80 coarsen threshold 460 Card regions per heap region 1 cards per card region 4096
 CPUs: 12 total, 12 available
 Memory: 16070M
 Large Page Support: Disabled
 NUMA Support: Disabled
 Compressed Oops: Enabled (Zero based)
 Heap Region Size: 2M
 Heap Min Capacity: 8M
 Heap Initial Capacity: 252M
 Heap Max Capacity: 4G
 Pre-touch: Disabled
 Parallel Workers: 10
 Concurrent Workers: 3
 Concurrent Refinement Workers: 10
 Periodic GC: Disabled
Heap:
 garbage-first heap   total 155648K, used 81867K [0x0000000700000000, 0x0000000800000000)
  region size 2048K, 2 young (4096K), 2 survivors (4096K)
 Metaspace       used 69173K, committed 71040K, reserved 491520K
  class space    used 9824K, committed 10752K, reserved 425984K
GC Heap History (20 events):
Event: 2.894 GC heap after
{Heap after GC invocations=7 (full 0):
 garbage-first heap   total 90112K, used 25671K [0x0000000700000000, 0x0000000800000000)
  region size 2048K, 2 young (4096K), 2 survivors (4096K)
 Metaspace       used 35356K, committed 35968K, reserved 491520K
  class space    used 4659K, committed 4928K, reserved 425984K
}
Event: 3.297 GC heap before
{Heap before GC invocations=8 (full 0):
 garbage-first heap   total 90112K, used 85063K [0x0000000700000000, 0x0000000800000000)
  region size 2048K, 24 young (49152K), 2 survivors (4096K)
 Metaspace       used 39759K, committed 40704K, reserved 491520K
  class space    used 5442K, committed 5888K, reserved 425984K
}
Event: 3.301 GC heap after
{Heap after GC invocations=9 (full 0):
 garbage-first heap   total 155648K, used 52222K [0x0000000700000000, 0x0000000800000000)
  region size 2048K, 4 young (8192K), 4 survivors (8192K)
 Metaspace       used 39759K, committed 40704K, reserved 491520K
  class space    used 5442K, committed 5888K, reserved 425984K
}
Event: 3.972 GC heap before
{Heap before GC invocations=9 (full 0):
 garbage-first heap   total 155648K, used 127998K [0x0000000700000000, 0x0000000800000000)
  region size 2048K, 41 young (83968K), 4 survivors (8192K)
 Metaspace       used 49922K, committed 51264K, reserved 491520K
  class space    used 6920K, committed 7616K, reserved 425984K
}
Event: 3.976 GC heap after
{Heap after GC invocations=10 (full 0):
 garbage-first heap   total 155648K, used 57638K [0x0000000700000000, 0x0000000800000000)
  region size 2048K, 3 young (6144K), 3 survivors (6144K)
 Metaspace       used 49922K, committed 51264K, reserved 491520K
  class space    used 6920K, committed 7616K, reserved 425984K
}
Event: 4.607 GC heap before
{Heap before GC invocations=10 (full 0):
 garbage-first heap   total 155648K, used 131366K [0x0000000700000000, 0x0000000800000000)
  region size 2048K, 38 young (77824K), 3 survivors (6144K)
 Metaspace       used 57207K, committed 58752K, reserved 491520K
  class space    used 8105K, committed 8832K, reserved 425984K
}
Event: 4.611 GC heap after
{Heap after GC invocations=11 (full 0):
 garbage-first heap   total 155648K, used 64916K [0x0000000700000000, 0x0000000800000000)
  region size 2048K, 5 young (10240K), 5 survivors (10240K)
 Metaspace       used 57207K, committed 58752K, reserved 491520K
  class space    used 8105K, committed 8832K, reserved 425984K
}
Event: 4.824 GC heap before
{Heap before GC invocations=11 (full 0):
 garbage-first heap   total 155648K, used 93588K [0x0000000700000000, 0x0000000800000000)
  region size 2048K, 20 young (40960K), 5 survivors (10240K)
 Metaspace       used 58496K, committed 60096K, reserved 491520K
  class space    used 8251K, committed 9024K, reserved 425984K
}
Event: 4.828 GC heap after
{Heap after GC invocations=12 (full 0):
 garbage-first heap   total 155648K, used 68167K [0x0000000700000000, 0x0000000800000000)
  region size 2048K, 5 young (10240K), 5 survivors (10240K)
 Metaspace       used 58496K, committed 60096K, reserved 491520K
  class space    used 8251K, committed 9024K, reserved 425984K
}
Event: 5.373 GC heap before
{Heap before GC invocations=13 (full 0):
 garbage-first heap   total 155648K, used 133703K [0x0000000700000000, 0x0000000800000000)
  region size 2048K, 37 young (75776K), 5 survivors (10240K)
 Metaspace       used 65065K, committed 66880K, reserved 491520K
  class space    used 9303K, committed 10176K, reserved 425984K
}
Event: 5.378 GC heap after
{Heap after GC invocations=14 (full 0):
 garbage-first heap   total 155648K, used 73500K [0x0000000700000000, 0x0000000800000000)
  region size 2048K, 5 young (10240K), 5 survivors (10240K)
 Metaspace       used 65065K, committed 66880K, reserved 491520K
  class space    used 9303K, committed 10176K, reserved 425984K
}
Event: 5.867 GC heap before
{Heap before GC invocations=14 (full 0):
 garbage-first heap   total 155648K, used 134940K [0x0000000700000000, 0x0000000800000000)
  region size 2048K, 35 young (71680K), 5 survivors (10240K)
 Metaspace       used 68715K, committed 70656K, reserved 491520K
  class space    used 9823K, committed 10752K, reserved 425984K
}
Event: 5.873 GC heap after
{Heap after GC invocations=15 (full 0):
 garbage-first heap   total 155648K, used 78179K [0x0000000700000000, 0x0000000800000000)
  region size 2048K, 5 young (10240K), 5 survivors (10240K)
 Metaspace       used 68715K, committed 70656K, reserved 491520K
  class space    used 9823K, committed 10752K, reserved 425984K
}
Event: 6.019 GC heap before
{Heap before GC invocations=15 (full 0):
 garbage-first heap   total 155648K, used 135523K [0x0000000700000000, 0x0000000800000000)
  region size 2048K, 34 young (69632K), 5 survivors (10240K)
 Metaspace       used 68968K, committed 70912K, reserved 491520K
  class space    used 9823K, committed 10752K, reserved 425984K
}
Event: 6.024 GC heap after
{Heap after GC invocations=16 (full 0):
 garbage-first heap   total 155648K, used 80416K [0x0000000700000000, 0x0000000800000000)
  region size 2048K, 4 young (8192K), 4 survivors (8192K)
 Metaspace       used 68968K, committed 70912K, reserved 491520K
  class space    used 9823K, committed 10752K, reserved 425984K
}
Event: 6.128 GC heap before
{Heap before GC invocations=16 (full 0):
 garbage-first heap   total 155648K, used 139808K [0x0000000700000000, 0x0000000800000000)
  region size 2048K, 33 young (67584K), 4 survivors (8192K)
 Metaspace       used 69087K, committed 70976K, reserved 491520K
  class space    used 9823K, committed 10752K, reserved 425984K
}
Event: 6.131 GC heap after
{Heap after GC invocations=17 (full 0):
 garbage-first heap   total 155648K, used 81439K [0x0000000700000000, 0x0000000800000000)
  region size 2048K, 2 young (4096K), 2 survivors (4096K)
 Metaspace       used 69087K, committed 70976K, reserved 491520K
  class space    used 9823K, committed 10752K, reserved 425984K
}
Event: 6.228 GC heap before
{Heap before GC invocations=18 (full 0):
 garbage-first heap   total 155648K, used 140831K [0x0000000700000000, 0x0000000800000000)
  region size 2048K, 31 young (63488K), 2 survivors (4096K)
 Metaspace       used 69146K, committed 71040K, reserved 491520K
  class space    used 9823K, committed 10752K, reserved 425984K
}
Event: 6.230 GC heap after
{Heap after GC invocations=19 (full 0):
 garbage-first heap   total 155648K, used 81605K [0x0000000700000000, 0x0000000800000000)
  region size 2048K, 2 young (4096K), 2 survivors (4096K)
 Metaspace       used 69146K, committed 71040K, reserved 491520K
  class space    used 9823K, committed 10752K, reserved 425984K
}
Event: 6.293 GC heap before
{Heap before GC invocations=19 (full 0):
 garbage-first heap   total 155648K, used 140997K [0x0000000700000000, 0x0000000800000000)
  region size 2048K, 32 young (65536K), 2 survivors (4096K)
 Metaspace       used 69173K, committed 71040K, reserved 491520K
  class space    used 9824K, committed 10752K, reserved 425984K
}

