# JRE version: OpenJDK Runtime Environment (21.0.9) (build 21.0.9+-14649483-b1163.86)
# Java VM: OpenJDK 64-Bit Server VM (21.0.9+-14649483-b1163.86, mixed mode, tiered, compressed oops, compressed class ptrs, g1 gc, windows-amd64)
GC Precious Log:
 CardTable entry size: 512
 Card Set container configuration: InlinePtr #cards 4 size 8 Array Of Cards #cards 16 size 48 Howl #buckets 8 coarsen threshold 3686 Howl Bitmap #cards 512 size 80 coarsen threshold 460 Card regions per heap region 1 cards per card region 4096
 CPUs: 12 total, 12 available
 Memory: 16070M
 Large Page Support: Disabled
 NUMA Support: Disabled
 Compressed Oops: Enabled (Zero based)
 Heap Region Size: 2M
 Heap Min Capacity: 8M
 Heap Initial Capacity: 252M
 Heap Max Capacity: 4G
 Pre-touch: Disabled
 Parallel Workers: 10
 Concurrent Workers: 3
 Concurrent Refinement Workers: 10
 Periodic GC: Disabled
Heap:
 garbage-first heap   total 147456K, used 81236K [0x0000000700000000, 0x0000000800000000)
  region size 2048K, 2 young (4096K), 2 survivors (4096K)
 Metaspace       used 69178K, committed 71040K, reserved 491520K
  class space    used 9837K, committed 10752K, reserved 425984K
GC Heap History (20 events):
Event: 3.735 GC heap after
{Heap after GC invocations=13 (full 0):
 garbage-first heap   total 122880K, used 59708K [0x0000000700000000, 0x0000000800000000)
  region size 2048K, 3 young (6144K), 3 survivors (6144K)
 Metaspace       used 52592K, committed 54080K, reserved 491520K
  class space    used 7359K, committed 8064K, reserved 425984K
}
Event: 4.181 GC heap before
{Heap before GC invocations=13 (full 0):
 garbage-first heap   total 122880K, used 106812K [0x0000000700000000, 0x0000000800000000)
  region size 2048K, 25 young (51200K), 3 survivors (6144K)
 Metaspace       used 57137K, committed 58688K, reserved 491520K
  class space    used 8119K, committed 8832K, reserved 425984K
}
Event: 4.185 GC heap after
{Heap after GC invocations=14 (full 0):
 garbage-first heap   total 122880K, used 64764K [0x0000000700000000, 0x0000000800000000)
  region size 2048K, 4 young (8192K), 4 survivors (8192K)
 Metaspace       used 57137K, committed 58688K, reserved 491520K
  class space    used 8119K, committed 8832K, reserved 425984K
}
Event: 4.498 GC heap before
{Heap before GC invocations=14 (full 0):
 garbage-first heap   total 122880K, used 105724K [0x0000000700000000, 0x0000000800000000)
  region size 2048K, 25 young (51200K), 4 survivors (8192K)
 Metaspace       used 58950K, committed 60608K, reserved 491520K
  class space    used 8356K, committed 9152K, reserved 425984K
}
Event: 4.502 GC heap after
{Heap after GC invocations=15 (full 0):
 garbage-first heap   total 122880K, used 69264K [0x0000000700000000, 0x0000000800000000)
  region size 2048K, 4 young (8192K), 4 survivors (8192K)
 Metaspace       used 58950K, committed 60608K, reserved 491520K
  class space    used 8356K, committed 9152K, reserved 425984K
}
Event: 4.858 GC heap before
{Heap before GC invocations=16 (full 0):
 garbage-first heap   total 122880K, used 108176K [0x0000000700000000, 0x0000000800000000)
  region size 2048K, 23 young (47104K), 4 survivors (8192K)
 Metaspace       used 63172K, committed 64960K, reserved 491520K
  class space    used 9052K, committed 9920K, reserved 425984K
}
Event: 4.862 GC heap after
{Heap after GC invocations=17 (full 0):
 garbage-first heap   total 122880K, used 72821K [0x0000000700000000, 0x0000000800000000)
  region size 2048K, 2 young (4096K), 2 survivors (4096K)
 Metaspace       used 63172K, committed 64960K, reserved 491520K
  class space    used 9052K, committed 9920K, reserved 425984K
}
Event: 5.164 GC heap before
{Heap before GC invocations=17 (full 0):
 garbage-first heap   total 122880K, used 109685K [0x0000000700000000, 0x0000000800000000)
  region size 2048K, 20 young (40960K), 2 survivors (4096K)
 Metaspace       used 66889K, committed 68800K, reserved 491520K
  class space    used 9616K, committed 10560K, reserved 425984K
}
Event: 5.168 GC heap after
{Heap after GC invocations=18 (full 0):
 garbage-first heap   total 122880K, used 74374K [0x0000000700000000, 0x0000000800000000)
  region size 2048K, 3 young (6144K), 3 survivors (6144K)
 Metaspace       used 66889K, committed 68800K, reserved 491520K
  class space    used 9616K, committed 10560K, reserved 425984K
}
Event: 5.510 GC heap before
{Heap before GC invocations=18 (full 0):
 garbage-first heap   total 122880K, used 109190K [0x0000000700000000, 0x0000000800000000)
  region size 2048K, 21 young (43008K), 3 survivors (6144K)
 Metaspace       used 68689K, committed 70592K, reserved 491520K
  class space    used 9833K, committed 10752K, reserved 425984K
}
Event: 5.513 GC heap after
{Heap after GC invocations=19 (full 0):
 garbage-first heap   total 147456K, used 78137K [0x0000000700000000, 0x0000000800000000)
  region size 2048K, 3 young (6144K), 3 survivors (6144K)
 Metaspace       used 68689K, committed 70592K, reserved 491520K
  class space    used 9833K, committed 10752K, reserved 425984K
}
Event: 5.670 GC heap before
{Heap before GC invocations=20 (full 0):
 garbage-first heap   total 147456K, used 129337K [0x0000000700000000, 0x0000000800000000)
  region size 2048K, 29 young (59392K), 3 survivors (6144K)
 Metaspace       used 68919K, committed 70848K, reserved 491520K
  class space    used 9834K, committed 10752K, reserved 425984K
}
Event: 5.673 GC heap after
{Heap after GC invocations=21 (full 0):
 garbage-first heap   total 147456K, used 79616K [0x0000000700000000, 0x0000000800000000)
  region size 2048K, 3 young (6144K), 3 survivors (6144K)
 Metaspace       used 68919K, committed 70848K, reserved 491520K
  class space    used 9834K, committed 10752K, reserved 425984K
}
Event: 5.767 GC heap before
{Heap before GC invocations=21 (full 0):
 garbage-first heap   total 147456K, used 132864K [0x0000000700000000, 0x0000000800000000)
  region size 2048K, 29 young (59392K), 3 survivors (6144K)
 Metaspace       used 69013K, committed 70912K, reserved 491520K
  class space    used 9834K, committed 10752K, reserved 425984K
}
Event: 5.770 GC heap after
{Heap after GC invocations=22 (full 0):
 garbage-first heap   total 147456K, used 79739K [0x0000000700000000, 0x0000000800000000)
  region size 2048K, 2 young (4096K), 2 survivors (4096K)
 Metaspace       used 69013K, committed 70912K, reserved 491520K
  class space    used 9834K, committed 10752K, reserved 425984K
}
Event: 5.863 GC heap before
{Heap before GC invocations=22 (full 0):
 garbage-first heap   total 147456K, used 132987K [0x0000000700000000, 0x0000000800000000)
  region size 2048K, 29 young (59392K), 2 survivors (4096K)
 Metaspace       used 69132K, committed 71040K, reserved 491520K
  class space    used 9836K, committed 10752K, reserved 425984K
}
Event: 5.865 GC heap after
{Heap after GC invocations=23 (full 0):
 garbage-first heap   total 147456K, used 80230K [0x0000000700000000, 0x0000000800000000)
  region size 2048K, 2 young (4096K), 2 survivors (4096K)
 Metaspace       used 69132K, committed 71040K, reserved 491520K
  class space    used 9836K, committed 10752K, reserved 425984K
}
Event: 5.979 GC heap before
{Heap before GC invocations=24 (full 0):
 garbage-first heap   total 147456K, used 135526K [0x0000000700000000, 0x0000000800000000)
  region size 2048K, 29 young (59392K), 2 survivors (4096K)
 Metaspace       used 69158K, committed 71040K, reserved 491520K
  class space    used 9836K, committed 10752K, reserved 425984K
}
Event: 5.981 GC heap after
{Heap after GC invocations=25 (full 0):
 garbage-first heap   total 147456K, used 80828K [0x0000000700000000, 0x0000000800000000)
  region size 2048K, 2 young (4096K), 2 survivors (4096K)
 Metaspace       used 69158K, committed 71040K, reserved 491520K
  class space    used 9836K, committed 10752K, reserved 425984K
}
Event: 6.054 GC heap before
{Heap before GC invocations=25 (full 0):
 garbage-first heap   total 147456K, used 136124K [0x0000000700000000, 0x0000000800000000)
  region size 2048K, 29 young (59392K), 2 survivors (4096K)
 Metaspace       used 69178K, committed 71040K, reserved 491520K
  class space    used 9837K, committed 10752K, reserved 425984K
}

