# JRE version: OpenJDK Runtime Environment (21.0.9) (build 21.0.9+-14649483-b1163.86)
# Java VM: OpenJDK 64-Bit Server VM (21.0.9+-14649483-b1163.86, mixed mode, tiered, compressed oops, compressed class ptrs, g1 gc, windows-amd64)
GC Precious Log:
 CardTable entry size: 512
 Card Set container configuration: InlinePtr #cards 4 size 8 Array Of Cards #cards 16 size 48 Howl #buckets 8 coarsen threshold 3686 Howl Bitmap #cards 512 size 80 coarsen threshold 460 Card regions per heap region 1 cards per card region 4096
 CPUs: 12 total, 12 available
 Memory: 16070M
 Large Page Support: Disabled
 NUMA Support: Disabled
 Compressed Oops: Enabled (Zero based)
 Heap Region Size: 2M
 Heap Min Capacity: 8M
 Heap Initial Capacity: 252M
 Heap Max Capacity: 4G
 Pre-touch: Disabled
 Parallel Workers: 10
 Concurrent Workers: 3
 Concurrent Refinement Workers: 10
 Periodic GC: Disabled
Heap:
 garbage-first heap   total 153600K, used 88293K [0x0000000700000000, 0x0000000800000000)
  region size 2048K, 6 young (12288K), 2 survivors (4096K)
 Metaspace       used 75592K, committed 77504K, reserved 557056K
  class space    used 10702K, committed 11648K, reserved 425984K
GC Heap History (20 events):
Event: 3.857 GC heap before
{Heap before GC invocations=10 (full 0):
 garbage-first heap   total 104448K, used 86706K [0x0000000700000000, 0x0000000800000000)
  region size 2048K, 18 young (36864K), 1 survivors (2048K)
 Metaspace       used 49210K, committed 50560K, reserved 491520K
  class space    used 6840K, committed 7488K, reserved 425984K
}
Event: 3.859 GC heap after
{Heap after GC invocations=11 (full 0):
 garbage-first heap   total 104448K, used 56867K [0x0000000700000000, 0x0000000800000000)
  region size 2048K, 3 young (6144K), 3 survivors (6144K)
 Metaspace       used 49210K, committed 50560K, reserved 491520K
  class space    used 6840K, committed 7488K, reserved 425984K
}
Event: 4.215 GC heap before
{Heap before GC invocations=12 (full 0):
 garbage-first heap   total 104448K, used 87587K [0x0000000700000000, 0x0000000800000000)
  region size 2048K, 18 young (36864K), 3 survivors (6144K)
 Metaspace       used 53050K, committed 54528K, reserved 491520K
  class space    used 7441K, committed 8128K, reserved 425984K
}
Event: 4.219 GC heap after
{Heap after GC invocations=13 (full 0):
 garbage-first heap   total 104448K, used 59640K [0x0000000700000000, 0x0000000800000000)
  region size 2048K, 3 young (6144K), 3 survivors (6144K)
 Metaspace       used 53050K, committed 54528K, reserved 491520K
  class space    used 7441K, committed 8128K, reserved 425984K
}
Event: 4.519 GC heap before
{Heap before GC invocations=13 (full 0):
 garbage-first heap   total 104448K, used 90360K [0x0000000700000000, 0x0000000800000000)
  region size 2048K, 18 young (36864K), 3 survivors (6144K)
 Metaspace       used 56593K, committed 58112K, reserved 491520K
  class space    used 8046K, committed 8768K, reserved 425984K
}
Event: 4.523 GC heap after
{Heap after GC invocations=14 (full 0):
 garbage-first heap   total 126976K, used 61025K [0x0000000700000000, 0x0000000800000000)
  region size 2048K, 3 young (6144K), 3 survivors (6144K)
 Metaspace       used 56593K, committed 58112K, reserved 491520K
  class space    used 8046K, committed 8768K, reserved 425984K
}
Event: 4.714 GC heap before
{Heap before GC invocations=14 (full 0):
 garbage-first heap   total 126976K, used 67169K [0x0000000700000000, 0x0000000800000000)
  region size 2048K, 7 young (14336K), 3 survivors (6144K)
 Metaspace       used 56974K, committed 58496K, reserved 491520K
  class space    used 8108K, committed 8832K, reserved 425984K
}
Event: 4.717 GC heap after
{Heap after GC invocations=15 (full 0):
 garbage-first heap   total 126976K, used 61546K [0x0000000700000000, 0x0000000800000000)
  region size 2048K, 3 young (6144K), 3 survivors (6144K)
 Metaspace       used 56974K, committed 58496K, reserved 491520K
  class space    used 8108K, committed 8832K, reserved 425984K
}
Event: 5.430 GC heap before
{Heap before GC invocations=16 (full 0):
 garbage-first heap   total 126976K, used 110698K [0x0000000700000000, 0x0000000800000000)
  region size 2048K, 27 young (55296K), 3 survivors (6144K)
 Metaspace       used 58824K, committed 60480K, reserved 491520K
  class space    used 8339K, committed 9088K, reserved 425984K
}
Event: 5.434 GC heap after
{Heap after GC invocations=17 (full 0):
 garbage-first heap   total 126976K, used 69398K [0x0000000700000000, 0x0000000800000000)
  region size 2048K, 4 young (8192K), 4 survivors (8192K)
 Metaspace       used 58824K, committed 60480K, reserved 491520K
  class space    used 8339K, committed 9088K, reserved 425984K
}
Event: 5.851 GC heap before
{Heap before GC invocations=17 (full 0):
 garbage-first heap   total 126976K, used 112406K [0x0000000700000000, 0x0000000800000000)
  region size 2048K, 25 young (51200K), 4 survivors (8192K)
 Metaspace       used 63549K, committed 65408K, reserved 491520K
  class space    used 9098K, committed 9984K, reserved 425984K
}
Event: 5.855 GC heap after
{Heap after GC invocations=18 (full 0):
 garbage-first heap   total 126976K, used 72438K [0x0000000700000000, 0x0000000800000000)
  region size 2048K, 2 young (4096K), 2 survivors (4096K)
 Metaspace       used 63549K, committed 65408K, reserved 491520K
  class space    used 9098K, committed 9984K, reserved 425984K
}
Event: 6.254 GC heap before
{Heap before GC invocations=18 (full 0):
 garbage-first heap   total 126976K, used 113398K [0x0000000700000000, 0x0000000800000000)
  region size 2048K, 22 young (45056K), 2 survivors (4096K)
 Metaspace       used 67728K, committed 69632K, reserved 491520K
  class space    used 9722K, committed 10624K, reserved 425984K
}
Event: 6.258 GC heap after
{Heap after GC invocations=19 (full 0):
 garbage-first heap   total 126976K, used 74378K [0x0000000700000000, 0x0000000800000000)
  region size 2048K, 3 young (6144K), 3 survivors (6144K)
 Metaspace       used 67728K, committed 69632K, reserved 491520K
  class space    used 9722K, committed 10624K, reserved 425984K
}
Event: 12.978 GC heap before
{Heap before GC invocations=20 (full 0):
 garbage-first heap   total 126976K, used 115338K [0x0000000700000000, 0x0000000800000000)
  region size 2048K, 23 young (47104K), 3 survivors (6144K)
 Metaspace       used 75054K, committed 76992K, reserved 557056K
  class space    used 10682K, committed 11584K, reserved 425984K
}
Event: 12.983 GC heap after
{Heap after GC invocations=21 (full 0):
 garbage-first heap   total 126976K, used 79478K [0x0000000700000000, 0x0000000800000000)
  region size 2048K, 3 young (6144K), 3 survivors (6144K)
 Metaspace       used 75054K, committed 76992K, reserved 557056K
  class space    used 10682K, committed 11584K, reserved 425984K
}
Event: 13.179 GC heap before
{Heap before GC invocations=21 (full 0):
 garbage-first heap   total 126976K, used 112246K [0x0000000700000000, 0x0000000800000000)
  region size 2048K, 20 young (40960K), 3 survivors (6144K)
 Metaspace       used 75429K, committed 77440K, reserved 557056K
  class space    used 10702K, committed 11648K, reserved 425984K
}
Event: 13.183 GC heap after
{Heap after GC invocations=22 (full 0):
 garbage-first heap   total 126976K, used 81851K [0x0000000700000000, 0x0000000800000000)
  region size 2048K, 2 young (4096K), 2 survivors (4096K)
 Metaspace       used 75429K, committed 77440K, reserved 557056K
  class space    used 10702K, committed 11648K, reserved 425984K
}
Event: 13.282 GC heap before
{Heap before GC invocations=22 (full 0):
 garbage-first heap   total 126976K, used 114619K [0x0000000700000000, 0x0000000800000000)
  region size 2048K, 18 young (36864K), 2 survivors (4096K)
 Metaspace       used 75552K, committed 77504K, reserved 557056K
  class space    used 10702K, committed 11648K, reserved 425984K
}
Event: 13.338 GC heap after
{Heap after GC invocations=23 (full 0):
 garbage-first heap   total 153600K, used 82149K [0x0000000700000000, 0x0000000800000000)
  region size 2048K, 2 young (4096K), 2 survivors (4096K)
 Metaspace       used 75552K, committed 77504K, reserved 557056K
  class space    used 10702K, committed 11648K, reserved 425984K
}

