# JRE version: OpenJDK Runtime Environment (21.0.9) (build 21.0.9+-14649483-b1163.86)
# Java VM: OpenJDK 64-Bit Server VM (21.0.9+-14649483-b1163.86, mixed mode, tiered, compressed oops, compressed class ptrs, g1 gc, windows-amd64)
GC Precious Log:
 CardTable entry size: 512
 Card Set container configuration: InlinePtr #cards 4 size 8 Array Of Cards #cards 16 size 48 Howl #buckets 8 coarsen threshold 3686 Howl Bitmap #cards 512 size 80 coarsen threshold 460 Card regions per heap region 1 cards per card region 4096
 CPUs: 12 total, 12 available
 Memory: 16070M
 Large Page Support: Disabled
 NUMA Support: Disabled
 Compressed Oops: Enabled (Zero based)
 Heap Region Size: 2M
 Heap Min Capacity: 8M
 Heap Initial Capacity: 252M
 Heap Max Capacity: 4G
 Pre-touch: Disabled
 Parallel Workers: 10
 Concurrent Workers: 3
 Concurrent Refinement Workers: 10
 Periodic GC: Disabled
Heap:
 garbage-first heap   total 155648K, used 89222K [0x0000000700000000, 0x0000000800000000)
  region size 2048K, 7 young (14336K), 2 survivors (4096K)
 Metaspace       used 68912K, committed 70848K, reserved 491520K
  class space    used 9808K, committed 10752K, reserved 425984K
GC Heap History (20 events):
Event: 2.583 GC heap after
{Heap after GC invocations=6 (full 0):
 garbage-first heap   total 96256K, used 25703K [0x0000000700000000, 0x0000000800000000)
  region size 2048K, 3 young (6144K), 3 survivors (6144K)
 Metaspace       used 35387K, committed 35968K, reserved 491520K
  class space    used 4662K, committed 4928K, reserved 425984K
}
Event: 3.013 GC heap before
{Heap before GC invocations=7 (full 0):
 garbage-first heap   total 90112K, used 87143K [0x0000000700000000, 0x0000000800000000)
  region size 2048K, 26 young (53248K), 3 survivors (6144K)
 Metaspace       used 40140K, committed 41088K, reserved 491520K
  class space    used 5486K, committed 5952K, reserved 425984K
}
Event: 3.018 GC heap after
{Heap after GC invocations=8 (full 0):
 garbage-first heap   total 106496K, used 52667K [0x0000000700000000, 0x0000000800000000)
  region size 2048K, 4 young (8192K), 4 survivors (8192K)
 Metaspace       used 40140K, committed 41088K, reserved 491520K
  class space    used 5486K, committed 5952K, reserved 425984K
}
Event: 3.283 GC heap before
{Heap before GC invocations=8 (full 0):
 garbage-first heap   total 106496K, used 87483K [0x0000000700000000, 0x0000000800000000)
  region size 2048K, 21 young (43008K), 4 survivors (8192K)
 Metaspace       used 44202K, committed 45312K, reserved 491520K
  class space    used 6163K, committed 6720K, reserved 425984K
}
Event: 3.286 GC heap after
{Heap after GC invocations=9 (full 0):
 garbage-first heap   total 106496K, used 54520K [0x0000000700000000, 0x0000000800000000)
  region size 2048K, 1 young (2048K), 1 survivors (2048K)
 Metaspace       used 44202K, committed 45312K, reserved 491520K
  class space    used 6163K, committed 6720K, reserved 425984K
}
Event: 3.579 GC heap before
{Heap before GC invocations=9 (full 0):
 garbage-first heap   total 106496K, used 89336K [0x0000000700000000, 0x0000000800000000)
  region size 2048K, 18 young (36864K), 1 survivors (2048K)
 Metaspace       used 49594K, committed 50880K, reserved 491520K
  class space    used 6878K, committed 7488K, reserved 425984K
}
Event: 3.582 GC heap after
{Heap after GC invocations=10 (full 0):
 garbage-first heap   total 106496K, used 57161K [0x0000000700000000, 0x0000000800000000)
  region size 2048K, 3 young (6144K), 3 survivors (6144K)
 Metaspace       used 49594K, committed 50880K, reserved 491520K
  class space    used 6878K, committed 7488K, reserved 425984K
}
Event: 3.865 GC heap before
{Heap before GC invocations=11 (full 0):
 garbage-first heap   total 106496K, used 89929K [0x0000000700000000, 0x0000000800000000)
  region size 2048K, 19 young (38912K), 3 survivors (6144K)
 Metaspace       used 53494K, committed 55040K, reserved 491520K
  class space    used 7509K, committed 8256K, reserved 425984K
}
Event: 3.869 GC heap after
{Heap after GC invocations=12 (full 0):
 garbage-first heap   total 129024K, used 60095K [0x0000000700000000, 0x0000000800000000)
  region size 2048K, 3 young (6144K), 3 survivors (6144K)
 Metaspace       used 53494K, committed 55040K, reserved 491520K
  class space    used 7509K, committed 8256K, reserved 425984K
}
Event: 4.265 GC heap before
{Heap before GC invocations=12 (full 0):
 garbage-first heap   total 129024K, used 109247K [0x0000000700000000, 0x0000000800000000)
  region size 2048K, 27 young (55296K), 3 survivors (6144K)
 Metaspace       used 57073K, committed 58624K, reserved 491520K
  class space    used 8097K, committed 8832K, reserved 425984K
}
Event: 4.270 GC heap after
{Heap after GC invocations=13 (full 0):
 garbage-first heap   total 129024K, used 65367K [0x0000000700000000, 0x0000000800000000)
  region size 2048K, 4 young (8192K), 4 survivors (8192K)
 Metaspace       used 57073K, committed 58624K, reserved 491520K
  class space    used 8097K, committed 8832K, reserved 425984K
}
Event: 4.640 GC heap before
{Heap before GC invocations=13 (full 0):
 garbage-first heap   total 129024K, used 110423K [0x0000000700000000, 0x0000000800000000)
  region size 2048K, 27 young (55296K), 4 survivors (8192K)
 Metaspace       used 60232K, committed 61888K, reserved 491520K
  class space    used 8567K, committed 9344K, reserved 425984K
}
Event: 4.644 GC heap after
{Heap after GC invocations=14 (full 0):
 garbage-first heap   total 129024K, used 70991K [0x0000000700000000, 0x0000000800000000)
  region size 2048K, 4 young (8192K), 4 survivors (8192K)
 Metaspace       used 60232K, committed 61888K, reserved 491520K
  class space    used 8567K, committed 9344K, reserved 425984K
}
Event: 5.003 GC heap before
{Heap before GC invocations=15 (full 0):
 garbage-first heap   total 129024K, used 111951K [0x0000000700000000, 0x0000000800000000)
  region size 2048K, 24 young (49152K), 4 survivors (8192K)
 Metaspace       used 65283K, committed 67072K, reserved 491520K
  class space    used 9344K, committed 10240K, reserved 425984K
}
Event: 5.007 GC heap after
{Heap after GC invocations=16 (full 0):
 garbage-first heap   total 129024K, used 74253K [0x0000000700000000, 0x0000000800000000)
  region size 2048K, 2 young (4096K), 2 survivors (4096K)
 Metaspace       used 65283K, committed 67072K, reserved 491520K
  class space    used 9344K, committed 10240K, reserved 425984K
}
Event: 5.438 GC heap before
{Heap before GC invocations=16 (full 0):
 garbage-first heap   total 129024K, used 115213K [0x0000000700000000, 0x0000000800000000)
  region size 2048K, 22 young (45056K), 2 survivors (4096K)
 Metaspace       used 68346K, committed 70272K, reserved 491520K
  class space    used 9805K, committed 10752K, reserved 425984K
}
Event: 5.443 GC heap after
{Heap after GC invocations=17 (full 0):
 garbage-first heap   total 155648K, used 77601K [0x0000000700000000, 0x0000000800000000)
  region size 2048K, 3 young (6144K), 3 survivors (6144K)
 Metaspace       used 68346K, committed 70272K, reserved 491520K
  class space    used 9805K, committed 10752K, reserved 425984K
}
Event: 5.638 GC heap before
{Heap before GC invocations=17 (full 0):
 garbage-first heap   total 155648K, used 139041K [0x0000000700000000, 0x0000000800000000)
  region size 2048K, 33 young (67584K), 3 survivors (6144K)
 Metaspace       used 68743K, committed 70656K, reserved 491520K
  class space    used 9808K, committed 10752K, reserved 425984K
}
Event: 5.641 GC heap after
{Heap after GC invocations=18 (full 0):
 garbage-first heap   total 155648K, used 80065K [0x0000000700000000, 0x0000000800000000)
  region size 2048K, 4 young (8192K), 4 survivors (8192K)
 Metaspace       used 68743K, committed 70656K, reserved 491520K
  class space    used 9808K, committed 10752K, reserved 425984K
}
Event: 5.781 GC heap before
{Heap before GC invocations=19 (full 0):
 garbage-first heap   total 155648K, used 139457K [0x0000000700000000, 0x0000000800000000)
  region size 2048K, 33 young (67584K), 4 survivors (8192K)
 Metaspace       used 68873K, committed 70784K, reserved 491520K
  class space    used 9808K, committed 10752K, reserved 425984K
}

